TN:
SF:C:\Users\Bruno\Desktop\TallerTecnologiaOBL\contracts\DAO.sol
FN:29,notInPanic
FN:34,onlyPanicMultisig
FN:39,panicMultisigConfigured
FN:48,constructor
FN:59,mintTokens
FN:63,setParameter
FN:68,setPanicMultisig
FN:73,transferOwnership
FN:78,panic
FN:84,tranquility
FN:90,buyTokens
FN:102,stakeTokens
FN:122,unstakeTokens
FN:141,createProposal
FN:173,createTreasuryProposal
FN:203,vote
FN:227,executeProposal
FN:257,getTokenBalance
FN:261,getUserStaking
FN:265,getProposal
FN:270,getProposalCount
FN:274,getVotingPower
FN:282,hasVoted
FN:286,getParameter
FN:296,getTreasuryBalance
FNF:25
FNH:25
FNDA:173,notInPanic
FNDA:3,onlyPanicMultisig
FNDA:163,panicMultisigConfigured
FNDA:80,constructor
FNDA:54,mintTokens
FNDA:3,setParameter
FNDA:79,setPanicMultisig
FNDA:2,transferOwnership
FNDA:7,panic
FNDA:2,tranquility
FNDA:17,buyTokens
FNDA:83,stakeTokens
FNDA:6,unstakeTokens
FNDA:16,createProposal
FNDA:13,createTreasuryProposal
FNDA:25,vote
FNDA:10,executeProposal
FNDA:1,getTokenBalance
FNDA:5,getUserStaking
FNDA:5,getProposal
FNDA:1,getProposalCount
FNDA:23,getVotingPower
FNDA:2,hasVoted
FNDA:17,getParameter
FNDA:2,getTreasuryBalance
DA:30,173
DA:31,171
DA:35,3
DA:36,2
DA:40,163
DA:41,161
DA:50,80
DA:51,80
DA:52,80
DA:53,80
DA:54,80
DA:55,80
DA:60,54
DA:64,3
DA:65,2
DA:69,79
DA:70,78
DA:74,2
DA:75,1
DA:79,7
DA:80,7
DA:85,2
DA:86,2
DA:91,17
DA:92,16
DA:93,16
DA:95,16
DA:96,16
DA:98,15
DA:99,15
DA:103,83
DA:104,82
DA:106,81
DA:108,81
DA:109,47
DA:110,46
DA:111,46
DA:113,34
DA:114,33
DA:115,33
DA:118,79
DA:119,79
DA:123,6
DA:125,5
DA:127,5
DA:128,4
DA:129,3
DA:130,2
DA:132,1
DA:133,1
DA:134,1
DA:137,3
DA:138,3
DA:142,16
DA:143,15
DA:144,14
DA:146,13
DA:148,13
DA:164,13
DA:165,13
DA:174,13
DA:175,13
DA:176,13
DA:177,12
DA:178,11
DA:179,10
DA:181,10
DA:183,10
DA:199,10
DA:200,10
DA:204,25
DA:205,24
DA:206,23
DA:208,22
DA:209,22
DA:210,22
DA:212,21
DA:213,21
DA:215,21
DA:216,21
DA:218,21
DA:219,19
DA:221,2
DA:224,21
DA:228,10
DA:230,10
DA:231,10
DA:232,9
DA:233,8
DA:236,8
DA:237,7
DA:240,7
DA:241,7
DA:243,6
DA:244,6
DA:246,6
DA:249,1
DA:252,7
DA:253,7
DA:258,1
DA:262,5
DA:266,5
DA:267,4
DA:271,1
DA:275,23
DA:276,23
DA:278,23
DA:279,23
DA:283,2
DA:287,17
DA:297,2
LF:111
LH:111
BRDA:30,1,0,171
BRDA:30,1,1,2
BRDA:35,2,0,2
BRDA:35,2,1,1
BRDA:40,3,0,161
BRDA:40,3,1,2
BRDA:59,4,0,54
BRDA:59,4,1,1
BRDA:63,5,0,3
BRDA:63,5,1,1
BRDA:64,6,0,2
BRDA:64,6,1,1
BRDA:68,7,0,79
BRDA:68,7,1,1
BRDA:69,8,0,78
BRDA:69,8,1,1
BRDA:73,9,0,2
BRDA:73,9,1,1
BRDA:74,10,0,1
BRDA:74,10,1,1
BRDA:78,11,0,8
BRDA:78,11,1,1
BRDA:78,12,0,7
BRDA:78,12,1,1
BRDA:84,13,0,2
BRDA:84,13,1,1
BRDA:90,14,0,18
BRDA:90,14,1,1
BRDA:90,15,0,17
BRDA:90,15,1,1
BRDA:91,16,0,16
BRDA:91,16,1,1
BRDA:93,17,0,16
BRDA:93,17,1,0
BRDA:96,18,0,15
BRDA:96,18,1,1
BRDA:102,19,0,83
BRDA:102,19,1,1
BRDA:102,20,0,83
BRDA:102,20,1,0
BRDA:103,21,0,82
BRDA:103,21,1,1
BRDA:104,22,0,81
BRDA:104,22,1,1
BRDA:108,23,0,47
BRDA:108,23,1,34
BRDA:109,24,0,46
BRDA:109,24,1,1
BRDA:113,25,0,33
BRDA:113,25,1,1
BRDA:122,26,0,6
BRDA:122,26,1,0
BRDA:123,27,0,5
BRDA:123,27,1,1
BRDA:127,28,0,4
BRDA:127,28,1,1
BRDA:128,29,0,3
BRDA:128,29,1,1
BRDA:129,30,0,2
BRDA:129,30,1,1
BRDA:132,31,0,1
BRDA:132,31,1,0
BRDA:133,32,0,1
BRDA:133,32,1,0
BRDA:141,33,0,16
BRDA:141,33,1,0
BRDA:141,34,0,16
BRDA:141,34,1,0
BRDA:142,35,0,15
BRDA:142,35,1,1
BRDA:143,36,0,14
BRDA:143,36,1,1
BRDA:144,37,0,13
BRDA:144,37,1,1
BRDA:173,38,0,13
BRDA:173,38,1,0
BRDA:173,39,0,13
BRDA:173,39,1,0
BRDA:174,40,0,13
BRDA:174,40,1,0
BRDA:175,41,0,13
BRDA:175,41,1,0
BRDA:176,42,0,12
BRDA:176,42,1,1
BRDA:177,43,0,11
BRDA:177,43,1,1
BRDA:178,44,0,10
BRDA:178,44,1,1
BRDA:179,45,0,10
BRDA:179,45,1,0
BRDA:203,46,0,25
BRDA:203,46,1,0
BRDA:203,47,0,25
BRDA:203,47,1,0
BRDA:204,48,0,24
BRDA:204,48,1,1
BRDA:205,49,0,23
BRDA:205,49,1,1
BRDA:206,50,0,22
BRDA:206,50,1,1
BRDA:209,51,0,22
BRDA:209,51,1,0
BRDA:210,52,0,21
BRDA:210,52,1,1
BRDA:213,53,0,21
BRDA:213,53,1,0
BRDA:218,54,0,19
BRDA:218,54,1,2
BRDA:227,55,0,10
BRDA:227,55,1,0
BRDA:228,56,0,10
BRDA:228,56,1,0
BRDA:231,57,0,9
BRDA:231,57,1,1
BRDA:232,58,0,8
BRDA:232,58,1,1
BRDA:233,59,0,8
BRDA:233,59,1,0
BRDA:236,60,0,7
BRDA:236,60,1,1
BRDA:240,61,0,7
BRDA:240,61,1,0
BRDA:241,62,0,6
BRDA:241,62,1,1
BRDA:244,63,0,6
BRDA:244,63,1,0
BRDA:266,64,0,4
BRDA:266,64,1,1
BRDA:278,65,0,0
BRDA:278,65,1,23
BRF:130
BRH:108
end_of_record
TN:
SF:C:\Users\Bruno\Desktop\TallerTecnologiaOBL\contracts\interface\IDAO.sol
FNF:0
FNH:0
LF:0
LH:0
BRF:0
BRH:0
end_of_record
